<?xml version="1.0" encoding="UTF-8"?>
<!-- Generated by org.testng.reporters.JUnitReportReporter -->
<testsuite hostname="AniktaDey" name="tests.BuyCertifiedCars" tests="2" failures="0" timestamp="20 Apr 2019 11:45:11 GMT" time="33.486" errors="0">
  <testcase name="dataSelectionHondaCar" time="33.429" classname="tests.BuyCertifiedCars"/>
  <testcase name="validateCity" time="0.057" classname="tests.BuyCertifiedCars"/>
</testsuite> <!-- tests.BuyCertifiedCars -->
