<?xml version="1.0" encoding="UTF-8"?>
<!-- Generated by org.testng.reporters.JUnitReportReporter -->
<testsuite hostname="AniktaDey" name="tests.BuyCertifiedCars" tests="2" failures="0" timestamp="20 Apr 2019 14:10:55 GMT" time="29.035" errors="0">
  <testcase name="dataSelectionHondaCar" time="29.013" classname="tests.BuyCertifiedCars"/>
  <testcase name="validateCity" time="0.022" classname="tests.BuyCertifiedCars"/>
</testsuite> <!-- tests.BuyCertifiedCars -->
