<?xml version="1.0" encoding="UTF-8"?>
<!-- Generated by org.testng.reporters.JUnitReportReporter -->
<testsuite hostname="AniktaDey" name="tests.BuyCertifiedCars" tests="4" failures="0" timestamp="19 Apr 2019 15:24:41 GMT" time="37.248" errors="0">
  <testcase name="SortBy" time="1.764" classname="tests.BuyCertifiedCars"/>
  <testcase name="buyCarClick" time="18.692" classname="tests.BuyCertifiedCars"/>
  <testcase name="validateTotRowCount" time="3.309" classname="tests.BuyCertifiedCars"/>
  <testcase name="FillDropdown" time="13.483" classname="tests.BuyCertifiedCars"/>
</testsuite> <!-- tests.BuyCertifiedCars -->
