<?xml version="1.0" encoding="UTF-8"?>
<!-- Generated by org.testng.reporters.JUnitReportReporter -->
<testsuite hostname="AniktaDey" name="tests.ContactDetail3" tests="1" failures="0" timestamp="19 Apr 2019 15:24:41 GMT" time="98.595" errors="0">
  <testcase name="contactDetail" time="98.595" classname="tests.ContactDetail3"/>
</testsuite> <!-- tests.ContactDetail3 -->
