<?xml version="1.0" encoding="UTF-8"?>
<!-- Generated by org.testng.reporters.JUnitReportReporter -->
<testsuite hostname="AniktaDey" name="tests.HomePage" tests="3" failures="0" timestamp="19 Apr 2019 15:24:41 GMT" time="18.929" errors="0">
  <testcase name="validateNavigation" time="0.172" classname="tests.HomePage"/>
  <testcase name="validateTitleHomePage" time="1.081" classname="tests.HomePage"/>
  <testcase name="validateFooterLinks" time="17.676" classname="tests.HomePage"/>
</testsuite> <!-- tests.HomePage -->
