<?xml version="1.0" encoding="UTF-8"?>
<!-- Generated by org.testng.reporters.JUnitReportReporter -->
<testsuite hostname="AniktaDey" name="tests.SearchResults" tests="1" failures="0" timestamp="19 Apr 2019 15:24:41 GMT" time="23.203" errors="0">
  <testcase name="getSearchData" time="23.203" classname="tests.SearchResults"/>
</testsuite> <!-- tests.SearchResults -->
